[{"timestamp":"2025-12-20 09:53:46","execution_time":Analyzing test execution performance...

running 570 tests
....................................................................................... 87/570
....................................................................................... 174/570
....................................................................................... 261/570
....................................................................................... 348/570
....................................................................................... 435/570
..................................................................i.................... 522/570
................................................
test result: ok. 569 passed; 0 failed; 1 ignored; 0 measured; 0 filtered out; finished in 0.26s


running 0 tests

test result: ok. 0 passed; 0 failed; 0 ignored; 0 measured; 0 filtered out; finished in 0.00s


running 9 tests
.........
test result: ok. 9 passed; 0 failed; 0 ignored; 0 measured; 0 filtered out; finished in 0.11s


running 8 tests
........
test result: ok. 8 passed; 0 failed; 0 ignored; 0 measured; 0 filtered out; finished in 0.13s


running 54 tests
......................................................
test result: ok. 54 passed; 0 failed; 0 ignored; 0 measured; 0 filtered out; finished in 0.02s


running 3 tests
...
test result: ok. 3 passed; 0 failed; 0 ignored; 0 measured; 0 filtered out; finished in 0.00s


running 10 tests
.... 4/10
test_explain_unknown_resource --- FAILED
.....
failures:

---- test_explain_unknown_resource stdout ----

thread 'test_explain_unknown_resource' (252850) panicked at /rustc/ed61e7d7e242494fb7057f2657300d9e77bb4fcb/library/core/src/ops/function.rs:250:5:
Unexpected stdout, failed var.contains(Confidence: 65.0%)
├── var: Explanation for unknown_resource:
│
│   Predicted monthly cost: $10.00
│   Confidence: 39.0%
│
│   Reasoning:
│   • Identify Resource
│   • Infer unknown_resource
│   • Calculate Confidence
│   • Calculate Prediction Interval
│
└── var as str: Explanation for unknown_resource:

    Predicted monthly cost: $10.00
    Confidence: 39.0%

    Reasoning:
    • Identify Resource
    • Infer unknown_resource
    • Calculate Confidence
    • Calculate Prediction Interval


command=`"/home/dee/workspace/AI/GuardSuite/CostPilot/target/debug/costpilot" "explain" "unknown_resource" "--instance-type" "unknown"`
code=0
stdout=```
Explanation for unknown_resource:

Predicted monthly cost: $10.00
Confidence: 39.0%

Reasoning:
• Identify Resource
• Infer unknown_resource
• Calculate Confidence
• Calculate Prediction Interval

```

stderr=""

note: run with `RUST_BACKTRACE=1` environment variable to display a backtrace


failures:
    test_explain_unknown_resource

test result: FAILED. 9 passed; 1 failed; 0 ignored; 0 measured; 0 filtered out; finished in 0.06s

-1,"flaky_rate":Running 5 iterations to detect flaky tests...
Run 1/5...
Run 2/5...
Run 3/5...
Run 4/5...
Run 5/5...
100.00,"build_time":Analyzing build performance...
351},{"timestamp":"2025-12-20 10:02:46","execution_time":Analyzing test execution performance...
1,"flaky_rate":Running 5 iterations to detect flaky tests...
Run 1/5...
Run 2/5...
Run 3/5...
Run 4/5...
Run 5/5...
100.00,"build_time":Analyzing build performance...
341},{"timestamp":"2025-12-20 10:11:29","execution_time":Analyzing test execution performance...
1,"flaky_rate":Running 5 iterations to detect flaky tests...
Run 1/5...
Run 2/5...
Run 3/5...
Run 4/5...
Run 5/5...
0.00,"build_time":Analyzing build performance...
366},{"timestamp":"2025-12-20 10:32:38","execution_time":Analyzing test execution performance...
1,"flaky_rate":Running 5 iterations to detect flaky tests...
Run 1/5...
Run 2/5...
Run 3/5...
Run 4/5...
Run 5/5...
0.00,"build_time":Analyzing build performance...
354},{"timestamp":"2025-12-20 10:58:10","execution_time":Analyzing test execution performance...
1,"flaky_rate":Running 5 iterations to detect flaky tests...
Run 1/5...
Run 2/5...
Run 3/5...
Run 4/5...
Run 5/5...
0.00,"build_time":Analyzing build performance...
407},{"timestamp":"2025-12-20 11:19:00","execution_time":Analyzing test execution performance...
1,"flaky_rate":Running 5 iterations to detect flaky tests...
Run 1/5...
Run 2/5...
Run 3/5...
Run 4/5...
Run 5/5...
0.00,"build_time":Analyzing build performance...
369}]
